Build started 2016/10/12 10:52:49.
     1>Project "C:\Users\Jince\Desktop\可制造性评价\DFM\DFM\DFM.vcxproj" on node 2 (build target(s)).
     1>InitializeBuildStatus:
         Creating "Debug\DFM.unsuccessfulbuild" because "AlwaysCreate" was specified.
       ClCompile:
         All outputs are up-to-date.
         d:\Program Files (x86)\Microsoft Visual Studio 10.0\VC\bin\CL.exe /c /ZI /nologo /W3 /WX- /Od /Oy- /D WIN32 /D _WINDOWS /D _DEBUG /D _UNICODE /D UNICODE /D _AFXDLL /Gm /EHsc /RTC1 /MDd /GS /fp:precise /Zc:wchar_t /Zc:forScope /Yu"StdAfx.h" /Fp"Debug\DFM.pch" /Fo"Debug\\" /Fd"Debug\vc100.pdb" /Gd /TP /analyze- /errorReport:prompt DFMDlg.cpp
         DFMDlg.cpp
     1>c:\users\jince\desktop\可制造性评价\dfm\dfm\dfmdlg.cpp(80): warning C4002: too many actual parameters for macro 'BEGIN_EASYSIZE_MAP'
       ResourceCompile:
         All outputs are up-to-date.
       ManifestResourceCompile:
         All outputs are up-to-date.
       Link:
         d:\Program Files (x86)\Microsoft Visual Studio 10.0\VC\bin\link.exe /ERRORREPORT:PROMPT /OUT:"C:\Users\Jince\Desktop\可制造性评价\DFM\Debug\DFM.exe" /INCREMENTAL /NOLOGO /MANIFEST /ManifestFile:"Debug\DFM.exe.intermediate.manifest" /MANIFESTUAC:"level='asInvoker' uiAccess='false'" /DEBUG /PDB:"C:\Users\Jince\Desktop\可制造性评价\DFM\Debug\DFM.pdb" /SUBSYSTEM:WINDOWS /TLBID:1 /ENTRY:"wWinMainCRTStartup" /DYNAMICBASE /NXCOMPAT /IMPLIB:"C:\Users\Jince\Desktop\可制造性评价\DFM\Debug\DFM.lib" /MACHINE:X86 Debug\DFM.res
         Debug\DFM.exe.embed.manifest.res
         Debug\ChangePwdDlg.obj
         Debug\DFM.obj
         Debug\DFMDlg.obj
         Debug\LoginDlg.obj
         Debug\PInfoListCtrl.obj
         Debug\ProductNewDlg.obj
         Debug\ProductOutDlg.obj
         Debug\ProductStep0Dlg.obj
         Debug\ProductStep1Dlg.obj
         Debug\ProductStep2Dlg.obj
         Debug\ProductStep3Dlg.obj
         Debug\stdafx.obj
         Debug\TechValListCtrl.obj
       Manifest:
         C:\Program Files (x86)\Microsoft SDKs\Windows\v7.0A\bin\mt.exe /nologo /verbose /out:"Debug\DFM.exe.embed.manifest" /manifest Debug\DFM.exe.intermediate.manifest "d:\Program Files (x86)\Microsoft Visual Studio 10.0\VC\Include\Manifest\dpiaware.manifest"
         All outputs are up-to-date.
       LinkEmbedManifest:
         All outputs are up-to-date.
         DFM.vcxproj -> C:\Users\Jince\Desktop\可制造性评价\DFM\Debug\DFM.exe
       FinalizeBuildStatus:
         Deleting file "Debug\DFM.unsuccessfulbuild".
         Touching "Debug\DFM.lastbuildstate".
     1>Done Building Project "C:\Users\Jince\Desktop\可制造性评价\DFM\DFM\DFM.vcxproj" (build target(s)).

Build succeeded.

Time Elapsed 00:00:01.97
